[17-Jan-2023 12:42:35 UTC] PHP Warning:  An unexpected error occurred. Something may be wrong with WordPress.org or this server&#8217;s configuration. If you continue to have problems, please try the <a href="https://wordpress.org/support/forums/">support forums</a>. (WordPress could not establish a secure connection to WordPress.org. Please contact your server administrator.) in /Users/jane_kost/Local Sites/whyte/app/public/wp-includes/update.php on line 209
[17-Jan-2023 12:42:41 UTC] PHP Warning:  An unexpected error occurred. Something may be wrong with WordPress.org or this server&#8217;s configuration. If you continue to have problems, please try the <a href="https://wordpress.org/support/forums/">support forums</a>. (WordPress could not establish a secure connection to WordPress.org. Please contact your server administrator.) in /Users/jane_kost/Local Sites/whyte/app/public/wp-includes/update.php on line 447
[17-Jan-2023 12:42:47 UTC] PHP Warning:  An unexpected error occurred. Something may be wrong with WordPress.org or this server&#8217;s configuration. If you continue to have problems, please try the <a href="https://wordpress.org/support/forums/">support forums</a>. (WordPress could not establish a secure connection to WordPress.org. Please contact your server administrator.) in /Users/jane_kost/Local Sites/whyte/app/public/wp-includes/update.php on line 728
[18-Jan-2023 12:15:52 UTC] PHP Warning:  Array to string conversion in /Users/jane_kost/Local Sites/whyte/app/public/wp-content/plugins/advanced-custom-fields/includes/api/api-template.php on line 74
[21-Jan-2023 12:28:24 UTC] PHP Warning:  An unexpected error occurred. Something may be wrong with WordPress.org or this server&#8217;s configuration. If you continue to have problems, please try the <a href="https://wordpress.org/support/forums/">support forums</a>. (WordPress could not establish a secure connection to WordPress.org. Please contact your server administrator.) in /Users/jane_kost/Local Sites/whyte/app/public/wp-includes/update.php on line 447
[21-Jan-2023 12:28:26 UTC] PHP Warning:  An unexpected error occurred. Something may be wrong with WordPress.org or this server&#8217;s configuration. If you continue to have problems, please try the <a href="https://wordpress.org/support/forums/">support forums</a>. (WordPress could not establish a secure connection to WordPress.org. Please contact your server administrator.) in /Users/jane_kost/Local Sites/whyte/app/public/wp-includes/update.php on line 728
[21-Jan-2023 12:28:26 UTC] PHP Warning:  An unexpected error occurred. Something may be wrong with WordPress.org or this server&#8217;s configuration. If you continue to have problems, please try the <a href="https://wordpress.org/support/forums/">support forums</a>. (WordPress could not establish a secure connection to WordPress.org. Please contact your server administrator.) in /Users/jane_kost/Local Sites/whyte/app/public/wp-includes/update.php on line 209
[21-Jan-2023 12:28:26 UTC] PHP Warning:  An unexpected error occurred. Something may be wrong with WordPress.org or this server&#8217;s configuration. If you continue to have problems, please try the <a href="https://wordpress.org/support/forums/">support forums</a>. (WordPress could not establish a secure connection to WordPress.org. Please contact your server administrator.) in /Users/jane_kost/Local Sites/whyte/app/public/wp-includes/update.php on line 447
[21-Jan-2023 12:28:26 UTC] PHP Warning:  An unexpected error occurred. Something may be wrong with WordPress.org or this server&#8217;s configuration. If you continue to have problems, please try the <a href="https://wordpress.org/support/forums/">support forums</a>. (WordPress could not establish a secure connection to WordPress.org. Please contact your server administrator.) in /Users/jane_kost/Local Sites/whyte/app/public/wp-includes/update.php on line 447
[09-Feb-2023 11:53:32 UTC] PHP Parse error:  syntax error, unexpected token "<", expecting end of file in /Users/jane_kost/Local Sites/whyte/app/public/wp-content/themes/whyte/page-homepage.php on line 328
[09-Feb-2023 12:12:03 UTC] PHP Warning:  Array to string conversion in /Users/jane_kost/Local Sites/whyte/app/public/wp-content/themes/whyte/page-homepage.php on line 335
[09-Feb-2023 12:12:27 UTC] PHP Warning:  Array to string conversion in /Users/jane_kost/Local Sites/whyte/app/public/wp-content/themes/whyte/page-homepage.php on line 335
[09-Feb-2023 12:14:02 UTC] PHP Warning:  Array to string conversion in /Users/jane_kost/Local Sites/whyte/app/public/wp-content/themes/whyte/page-homepage.php on line 335
[09-Feb-2023 12:15:19 UTC] PHP Warning:  Array to string conversion in /Users/jane_kost/Local Sites/whyte/app/public/wp-content/themes/whyte/page-homepage.php on line 335
[09-Feb-2023 12:17:17 UTC] PHP Fatal error:  Uncaught TypeError: Cannot access offset of type string on string in /Users/jane_kost/Local Sites/whyte/app/public/wp-content/themes/whyte/page-homepage.php:335
Stack trace:
#0 /Users/jane_kost/Local Sites/whyte/app/public/wp-includes/template-loader.php(106): include()
#1 /Users/jane_kost/Local Sites/whyte/app/public/wp-blog-header.php(19): require_once('/Users/jane_kos...')
#2 /Users/jane_kost/Local Sites/whyte/app/public/index.php(17): require('/Users/jane_kos...')
#3 {main}
  thrown in /Users/jane_kost/Local Sites/whyte/app/public/wp-content/themes/whyte/page-homepage.php on line 335
[09-Feb-2023 12:17:30 UTC] PHP Warning:  Array to string conversion in /Users/jane_kost/Local Sites/whyte/app/public/wp-includes/formatting.php on line 1098
[09-Feb-2023 12:18:05 UTC] PHP Warning:  Array to string conversion in /Users/jane_kost/Local Sites/whyte/app/public/wp-content/themes/whyte/page-homepage.php on line 339
[09-Feb-2023 12:18:50 UTC] PHP Warning:  Array to string conversion in /Users/jane_kost/Local Sites/whyte/app/public/wp-content/themes/whyte/page-homepage.php on line 339
[09-Feb-2023 12:18:53 UTC] PHP Warning:  Array to string conversion in /Users/jane_kost/Local Sites/whyte/app/public/wp-content/themes/whyte/page-homepage.php on line 339
[09-Feb-2023 12:37:03 UTC] PHP Fatal error:  Uncaught TypeError: Cannot access offset of type string on string in /Users/jane_kost/Local Sites/whyte/app/public/wp-content/themes/whyte/page-homepage.php:342
Stack trace:
#0 /Users/jane_kost/Local Sites/whyte/app/public/wp-includes/template-loader.php(106): include()
#1 /Users/jane_kost/Local Sites/whyte/app/public/wp-blog-header.php(19): require_once('/Users/jane_kos...')
#2 /Users/jane_kost/Local Sites/whyte/app/public/index.php(17): require('/Users/jane_kos...')
#3 {main}
  thrown in /Users/jane_kost/Local Sites/whyte/app/public/wp-content/themes/whyte/page-homepage.php on line 342
[09-Feb-2023 12:37:58 UTC] PHP Fatal error:  Uncaught TypeError: Cannot access offset of type string on string in /Users/jane_kost/Local Sites/whyte/app/public/wp-content/themes/whyte/page-homepage.php:342
Stack trace:
#0 /Users/jane_kost/Local Sites/whyte/app/public/wp-includes/template-loader.php(106): include()
#1 /Users/jane_kost/Local Sites/whyte/app/public/wp-blog-header.php(19): require_once('/Users/jane_kos...')
#2 /Users/jane_kost/Local Sites/whyte/app/public/index.php(17): require('/Users/jane_kos...')
#3 {main}
  thrown in /Users/jane_kost/Local Sites/whyte/app/public/wp-content/themes/whyte/page-homepage.php on line 342
[09-Feb-2023 17:31:26 UTC] PHP Warning:  Trying to access array offset on value of type int in /Users/jane_kost/Local Sites/whyte/app/public/wp-content/themes/whyte/page-homepage.php on line 464
[09-Feb-2023 17:31:26 UTC] PHP Warning:  Trying to access array offset on value of type int in /Users/jane_kost/Local Sites/whyte/app/public/wp-content/themes/whyte/page-homepage.php on line 464
[09-Feb-2023 17:32:37 UTC] PHP Warning:  Trying to access array offset on value of type int in /Users/jane_kost/Local Sites/whyte/app/public/wp-content/themes/whyte/page-homepage.php on line 464
[09-Feb-2023 17:32:37 UTC] PHP Warning:  Trying to access array offset on value of type int in /Users/jane_kost/Local Sites/whyte/app/public/wp-content/themes/whyte/page-homepage.php on line 464
[09-Feb-2023 17:33:41 UTC] PHP Warning:  Trying to access array offset on value of type int in /Users/jane_kost/Local Sites/whyte/app/public/wp-content/themes/whyte/page-homepage.php on line 464
[09-Feb-2023 17:33:41 UTC] PHP Warning:  Trying to access array offset on value of type int in /Users/jane_kost/Local Sites/whyte/app/public/wp-content/themes/whyte/page-homepage.php on line 464
[09-Feb-2023 17:34:35 UTC] PHP Warning:  Trying to access array offset on value of type int in /Users/jane_kost/Local Sites/whyte/app/public/wp-content/themes/whyte/page-homepage.php on line 464
[09-Feb-2023 17:34:35 UTC] PHP Warning:  Trying to access array offset on value of type int in /Users/jane_kost/Local Sites/whyte/app/public/wp-content/themes/whyte/page-homepage.php on line 464
[09-Feb-2023 17:36:04 UTC] PHP Warning:  Trying to access array offset on value of type int in /Users/jane_kost/Local Sites/whyte/app/public/wp-content/themes/whyte/page-homepage.php on line 464
[09-Feb-2023 17:36:04 UTC] PHP Warning:  Trying to access array offset on value of type int in /Users/jane_kost/Local Sites/whyte/app/public/wp-content/themes/whyte/page-homepage.php on line 464
[09-Feb-2023 17:37:31 UTC] PHP Warning:  Trying to access array offset on value of type int in /Users/jane_kost/Local Sites/whyte/app/public/wp-content/themes/whyte/page-homepage.php on line 464
[09-Feb-2023 17:37:31 UTC] PHP Warning:  Trying to access array offset on value of type int in /Users/jane_kost/Local Sites/whyte/app/public/wp-content/themes/whyte/page-homepage.php on line 464
[09-Feb-2023 17:38:26 UTC] PHP Warning:  Trying to access array offset on value of type int in /Users/jane_kost/Local Sites/whyte/app/public/wp-content/themes/whyte/page-homepage.php on line 464
[09-Feb-2023 17:38:26 UTC] PHP Warning:  Trying to access array offset on value of type int in /Users/jane_kost/Local Sites/whyte/app/public/wp-content/themes/whyte/page-homepage.php on line 464
[09-Feb-2023 17:38:35 UTC] PHP Warning:  Trying to access array offset on value of type int in /Users/jane_kost/Local Sites/whyte/app/public/wp-content/themes/whyte/page-homepage.php on line 464
[09-Feb-2023 17:38:35 UTC] PHP Warning:  Trying to access array offset on value of type int in /Users/jane_kost/Local Sites/whyte/app/public/wp-content/themes/whyte/page-homepage.php on line 464
[09-Feb-2023 17:38:43 UTC] PHP Warning:  Trying to access array offset on value of type int in /Users/jane_kost/Local Sites/whyte/app/public/wp-content/themes/whyte/page-homepage.php on line 464
[09-Feb-2023 17:38:43 UTC] PHP Warning:  Trying to access array offset on value of type int in /Users/jane_kost/Local Sites/whyte/app/public/wp-content/themes/whyte/page-homepage.php on line 464
[10-Feb-2023 10:39:27 UTC] Cron reschedule event error for hook: wp_privacy_delete_old_export_files, Error code: could_not_set, Error message: The cron event list could not be saved., Data: {"schedule":"hourly","args":[],"interval":3600}
[26-Feb-2023 14:16:36 UTC] PHP Warning:  Undefined variable $date in /Users/jane_kost/Local Sites/whyte/app/public/wp-content/themes/whyte/page-homepage.php on line 619
[26-Feb-2023 14:16:36 UTC] PHP Fatal error:  Uncaught Error: Call to a member function format() on null in /Users/jane_kost/Local Sites/whyte/app/public/wp-content/themes/whyte/page-homepage.php:619
Stack trace:
#0 /Users/jane_kost/Local Sites/whyte/app/public/wp-includes/template-loader.php(106): include()
#1 /Users/jane_kost/Local Sites/whyte/app/public/wp-blog-header.php(19): require_once('/Users/jane_kos...')
#2 /Users/jane_kost/Local Sites/whyte/app/public/index.php(17): require('/Users/jane_kos...')
#3 {main}
  thrown in /Users/jane_kost/Local Sites/whyte/app/public/wp-content/themes/whyte/page-homepage.php on line 619
[26-Feb-2023 14:18:14 UTC] PHP Warning:  Undefined variable $initial in /Users/jane_kost/Local Sites/whyte/app/public/wp-content/themes/whyte/page-homepage.php on line 613
[26-Feb-2023 14:22:18 UTC] tribe-canonical-line channel=default level=error source="TEC\Events\Custom_Tables\V1\Migration\Admin\Phase_View_Renderer::get_template_html:221" file_path="/Users/jane_kost/Local Sites/whyte/app/public/wp-content/plugins/the-events-calendar/src/Events/Custom_Tables/V1/admin-views/migration/phase/migration-not-required.php" template="/phase/migration-not-required.php"
[26-Feb-2023 14:22:26 UTC] tribe-canonical-line channel=default level=error source="TEC\Events\Custom_Tables\V1\Migration\Admin\Phase_View_Renderer::get_template_html:221" file_path="/Users/jane_kost/Local Sites/whyte/app/public/wp-content/plugins/the-events-calendar/src/Events/Custom_Tables/V1/admin-views/migration/phase/migration-not-required.php" template="/phase/migration-not-required.php"
[26-Feb-2023 14:23:31 UTC] tribe-canonical-line channel=default level=error source="TEC\Events\Custom_Tables\V1\Migration\Admin\Phase_View_Renderer::get_template_html:221" file_path="/Users/jane_kost/Local Sites/whyte/app/public/wp-content/plugins/the-events-calendar/src/Events/Custom_Tables/V1/admin-views/migration/phase/migration-not-required.php" template="/phase/migration-not-required.php"
[26-Feb-2023 14:24:24 UTC] tribe-canonical-line channel=default level=error source="TEC\Events\Custom_Tables\V1\Migration\Admin\Phase_View_Renderer::get_template_html:221" file_path="/Users/jane_kost/Local Sites/whyte/app/public/wp-content/plugins/the-events-calendar/src/Events/Custom_Tables/V1/admin-views/migration/phase/migration-not-required.php" template="/phase/migration-not-required.php"
[26-Feb-2023 14:24:30 UTC] tribe-canonical-line channel=default level=error source="TEC\Events\Custom_Tables\V1\Migration\Admin\Phase_View_Renderer::get_template_html:221" file_path="/Users/jane_kost/Local Sites/whyte/app/public/wp-content/plugins/the-events-calendar/src/Events/Custom_Tables/V1/admin-views/migration/phase/migration-not-required.php" template="/phase/migration-not-required.php"
[27-Feb-2023 15:08:03 UTC] PHP Warning:  Trying to access array offset on value of type int in /Users/jane_kost/Local Sites/whyte/app/public/wp-content/themes/whyte/page-homepage.php on line 1204
[27-Feb-2023 15:08:03 UTC] PHP Warning:  Trying to access array offset on value of type int in /Users/jane_kost/Local Sites/whyte/app/public/wp-content/themes/whyte/page-homepage.php on line 1204
[27-Feb-2023 15:08:03 UTC] PHP Warning:  Trying to access array offset on value of type int in /Users/jane_kost/Local Sites/whyte/app/public/wp-content/themes/whyte/page-homepage.php on line 1222
[27-Feb-2023 15:08:03 UTC] PHP Warning:  Trying to access array offset on value of type int in /Users/jane_kost/Local Sites/whyte/app/public/wp-content/themes/whyte/page-homepage.php on line 1222
[27-Feb-2023 15:08:03 UTC] PHP Warning:  Trying to access array offset on value of type int in /Users/jane_kost/Local Sites/whyte/app/public/wp-content/themes/whyte/page-homepage.php on line 1231
[27-Feb-2023 15:08:03 UTC] PHP Warning:  Trying to access array offset on value of type int in /Users/jane_kost/Local Sites/whyte/app/public/wp-content/themes/whyte/page-homepage.php on line 1231
[27-Feb-2023 15:08:10 UTC] PHP Warning:  Trying to access array offset on value of type int in /Users/jane_kost/Local Sites/whyte/app/public/wp-content/themes/whyte/page-homepage.php on line 1204
[27-Feb-2023 15:08:10 UTC] PHP Warning:  Trying to access array offset on value of type int in /Users/jane_kost/Local Sites/whyte/app/public/wp-content/themes/whyte/page-homepage.php on line 1204
[27-Feb-2023 15:08:10 UTC] PHP Warning:  Trying to access array offset on value of type int in /Users/jane_kost/Local Sites/whyte/app/public/wp-content/themes/whyte/page-homepage.php on line 1222
[27-Feb-2023 15:08:10 UTC] PHP Warning:  Trying to access array offset on value of type int in /Users/jane_kost/Local Sites/whyte/app/public/wp-content/themes/whyte/page-homepage.php on line 1222
[27-Feb-2023 15:08:10 UTC] PHP Warning:  Trying to access array offset on value of type int in /Users/jane_kost/Local Sites/whyte/app/public/wp-content/themes/whyte/page-homepage.php on line 1231
[27-Feb-2023 15:08:10 UTC] PHP Warning:  Trying to access array offset on value of type int in /Users/jane_kost/Local Sites/whyte/app/public/wp-content/themes/whyte/page-homepage.php on line 1231
[27-Feb-2023 15:08:10 UTC] PHP Warning:  Trying to access array offset on value of type int in /Users/jane_kost/Local Sites/whyte/app/public/wp-content/themes/whyte/page-homepage.php on line 1248
[27-Feb-2023 15:08:10 UTC] PHP Warning:  Trying to access array offset on value of type int in /Users/jane_kost/Local Sites/whyte/app/public/wp-content/themes/whyte/page-homepage.php on line 1248
[27-Feb-2023 15:08:10 UTC] PHP Warning:  Trying to access array offset on value of type int in /Users/jane_kost/Local Sites/whyte/app/public/wp-content/themes/whyte/page-homepage.php on line 1257
[27-Feb-2023 15:08:10 UTC] PHP Warning:  Trying to access array offset on value of type int in /Users/jane_kost/Local Sites/whyte/app/public/wp-content/themes/whyte/page-homepage.php on line 1257
[27-Feb-2023 15:11:41 UTC] PHP Warning:  Trying to access array offset on value of type int in /Users/jane_kost/Local Sites/whyte/app/public/wp-content/themes/whyte/page-homepage.php on line 1222
[27-Feb-2023 15:11:41 UTC] PHP Warning:  Trying to access array offset on value of type int in /Users/jane_kost/Local Sites/whyte/app/public/wp-content/themes/whyte/page-homepage.php on line 1222
[27-Feb-2023 15:11:41 UTC] PHP Warning:  Trying to access array offset on value of type int in /Users/jane_kost/Local Sites/whyte/app/public/wp-content/themes/whyte/page-homepage.php on line 1248
[27-Feb-2023 15:11:41 UTC] PHP Warning:  Trying to access array offset on value of type int in /Users/jane_kost/Local Sites/whyte/app/public/wp-content/themes/whyte/page-homepage.php on line 1248
[27-Feb-2023 15:13:45 UTC] PHP Warning:  Trying to access array offset on value of type int in /Users/jane_kost/Local Sites/whyte/app/public/wp-content/themes/whyte/page-homepage.php on line 1222
[27-Feb-2023 15:13:45 UTC] PHP Warning:  Trying to access array offset on value of type int in /Users/jane_kost/Local Sites/whyte/app/public/wp-content/themes/whyte/page-homepage.php on line 1222
[27-Feb-2023 15:13:45 UTC] PHP Warning:  Trying to access array offset on value of type int in /Users/jane_kost/Local Sites/whyte/app/public/wp-content/themes/whyte/page-homepage.php on line 1248
[27-Feb-2023 15:13:45 UTC] PHP Warning:  Trying to access array offset on value of type int in /Users/jane_kost/Local Sites/whyte/app/public/wp-content/themes/whyte/page-homepage.php on line 1248
[27-Feb-2023 15:14:33 UTC] PHP Warning:  Trying to access array offset on value of type int in /Users/jane_kost/Local Sites/whyte/app/public/wp-content/themes/whyte/page-homepage.php on line 1222
[27-Feb-2023 15:14:33 UTC] PHP Warning:  Trying to access array offset on value of type int in /Users/jane_kost/Local Sites/whyte/app/public/wp-content/themes/whyte/page-homepage.php on line 1222
[27-Feb-2023 15:14:33 UTC] PHP Warning:  Trying to access array offset on value of type int in /Users/jane_kost/Local Sites/whyte/app/public/wp-content/themes/whyte/page-homepage.php on line 1248
[27-Feb-2023 15:14:33 UTC] PHP Warning:  Trying to access array offset on value of type int in /Users/jane_kost/Local Sites/whyte/app/public/wp-content/themes/whyte/page-homepage.php on line 1248
[27-Feb-2023 15:16:08 UTC] PHP Warning:  Trying to access array offset on value of type int in /Users/jane_kost/Local Sites/whyte/app/public/wp-content/themes/whyte/page-homepage.php on line 1222
[27-Feb-2023 15:16:08 UTC] PHP Warning:  Trying to access array offset on value of type int in /Users/jane_kost/Local Sites/whyte/app/public/wp-content/themes/whyte/page-homepage.php on line 1222
[27-Feb-2023 15:16:08 UTC] PHP Warning:  Trying to access array offset on value of type int in /Users/jane_kost/Local Sites/whyte/app/public/wp-content/themes/whyte/page-homepage.php on line 1248
[27-Feb-2023 15:16:08 UTC] PHP Warning:  Trying to access array offset on value of type int in /Users/jane_kost/Local Sites/whyte/app/public/wp-content/themes/whyte/page-homepage.php on line 1248
[27-Feb-2023 15:17:08 UTC] PHP Warning:  Trying to access array offset on value of type int in /Users/jane_kost/Local Sites/whyte/app/public/wp-content/themes/whyte/page-homepage.php on line 1222
[27-Feb-2023 15:17:08 UTC] PHP Warning:  Trying to access array offset on value of type int in /Users/jane_kost/Local Sites/whyte/app/public/wp-content/themes/whyte/page-homepage.php on line 1222
[27-Feb-2023 15:17:08 UTC] PHP Warning:  Trying to access array offset on value of type int in /Users/jane_kost/Local Sites/whyte/app/public/wp-content/themes/whyte/page-homepage.php on line 1248
[27-Feb-2023 15:17:08 UTC] PHP Warning:  Trying to access array offset on value of type int in /Users/jane_kost/Local Sites/whyte/app/public/wp-content/themes/whyte/page-homepage.php on line 1248
[27-Feb-2023 15:17:12 UTC] PHP Warning:  Trying to access array offset on value of type int in /Users/jane_kost/Local Sites/whyte/app/public/wp-content/themes/whyte/page-homepage.php on line 1222
[27-Feb-2023 15:17:12 UTC] PHP Warning:  Trying to access array offset on value of type int in /Users/jane_kost/Local Sites/whyte/app/public/wp-content/themes/whyte/page-homepage.php on line 1222
[27-Feb-2023 15:17:12 UTC] PHP Warning:  Trying to access array offset on value of type int in /Users/jane_kost/Local Sites/whyte/app/public/wp-content/themes/whyte/page-homepage.php on line 1248
[27-Feb-2023 15:17:12 UTC] PHP Warning:  Trying to access array offset on value of type int in /Users/jane_kost/Local Sites/whyte/app/public/wp-content/themes/whyte/page-homepage.php on line 1248
[27-Feb-2023 15:17:16 UTC] PHP Warning:  Trying to access array offset on value of type int in /Users/jane_kost/Local Sites/whyte/app/public/wp-content/themes/whyte/page-homepage.php on line 1222
[27-Feb-2023 15:17:16 UTC] PHP Warning:  Trying to access array offset on value of type int in /Users/jane_kost/Local Sites/whyte/app/public/wp-content/themes/whyte/page-homepage.php on line 1222
[27-Feb-2023 15:17:16 UTC] PHP Warning:  Trying to access array offset on value of type int in /Users/jane_kost/Local Sites/whyte/app/public/wp-content/themes/whyte/page-homepage.php on line 1248
[27-Feb-2023 15:17:16 UTC] PHP Warning:  Trying to access array offset on value of type int in /Users/jane_kost/Local Sites/whyte/app/public/wp-content/themes/whyte/page-homepage.php on line 1248
[27-Feb-2023 15:17:26 UTC] PHP Warning:  Trying to access array offset on value of type int in /Users/jane_kost/Local Sites/whyte/app/public/wp-content/themes/whyte/page-homepage.php on line 1222
[27-Feb-2023 15:17:26 UTC] PHP Warning:  Trying to access array offset on value of type int in /Users/jane_kost/Local Sites/whyte/app/public/wp-content/themes/whyte/page-homepage.php on line 1222
[27-Feb-2023 15:17:26 UTC] PHP Warning:  Trying to access array offset on value of type int in /Users/jane_kost/Local Sites/whyte/app/public/wp-content/themes/whyte/page-homepage.php on line 1248
[27-Feb-2023 15:17:26 UTC] PHP Warning:  Trying to access array offset on value of type int in /Users/jane_kost/Local Sites/whyte/app/public/wp-content/themes/whyte/page-homepage.php on line 1248
[27-Feb-2023 15:19:30 UTC] PHP Warning:  Trying to access array offset on value of type int in /Users/jane_kost/Local Sites/whyte/app/public/wp-content/themes/whyte/page-homepage.php on line 1248
[27-Feb-2023 15:19:30 UTC] PHP Warning:  Trying to access array offset on value of type int in /Users/jane_kost/Local Sites/whyte/app/public/wp-content/themes/whyte/page-homepage.php on line 1248
[27-Feb-2023 15:20:56 UTC] PHP Fatal error:  Uncaught TypeError: Cannot access offset of type string on string in /Users/jane_kost/Local Sites/whyte/app/public/wp-content/themes/whyte/page-homepage.php:1222
Stack trace:
#0 /Users/jane_kost/Local Sites/whyte/app/public/wp-includes/template-loader.php(106): include()
#1 /Users/jane_kost/Local Sites/whyte/app/public/wp-blog-header.php(19): require_once('/Users/jane_kos...')
#2 /Users/jane_kost/Local Sites/whyte/app/public/index.php(17): require('/Users/jane_kos...')
#3 {main}
  thrown in /Users/jane_kost/Local Sites/whyte/app/public/wp-content/themes/whyte/page-homepage.php on line 1222
[27-Feb-2023 15:21:53 UTC] PHP Warning:  Trying to access array offset on value of type int in /Users/jane_kost/Local Sites/whyte/app/public/wp-content/themes/whyte/page-homepage.php on line 1248
[27-Feb-2023 15:21:53 UTC] PHP Warning:  Trying to access array offset on value of type int in /Users/jane_kost/Local Sites/whyte/app/public/wp-content/themes/whyte/page-homepage.php on line 1248
[27-Feb-2023 19:04:45 UTC] tribe-canonical-line channel=default level=error source="TEC\Events\Custom_Tables\V1\Migration\Admin\Phase_View_Renderer::get_template_html:221" file_path="/Users/jane_kost/Local Sites/whyte/app/public/wp-content/plugins/the-events-calendar/src/Events/Custom_Tables/V1/admin-views/migration/phase/migration-not-required.php" template="/phase/migration-not-required.php"
[27-Feb-2023 19:05:16 UTC] Cron reschedule event error for hook: action_scheduler_run_queue, Error code: invalid_schedule, Error message: Event schedule does not exist., Data: {"schedule":"every_minute","args":["WP Cron"],"interval":60}
